  Engine.cpp
D:\AluCiclesGS2\motorPRVI\JocHeroiEnemic - simple\JocHeroiEnemic\Engine.cpp(12,51): warning C4244: 'argumento': conversión de 'T' a 'unsigned int'; posible pérdida de datos
D:\AluCiclesGS2\motorPRVI\JocHeroiEnemic - simple\JocHeroiEnemic\Engine.cpp(12,51): warning C4244:         with
D:\AluCiclesGS2\motorPRVI\JocHeroiEnemic - simple\JocHeroiEnemic\Engine.cpp(12,51): warning C4244:         [
D:\AluCiclesGS2\motorPRVI\JocHeroiEnemic - simple\JocHeroiEnemic\Engine.cpp(12,51): warning C4244:             T=float
D:\AluCiclesGS2\motorPRVI\JocHeroiEnemic - simple\JocHeroiEnemic\Engine.cpp(12,51): warning C4244:         ]
D:\AluCiclesGS2\motorPRVI\JocHeroiEnemic - simple\JocHeroiEnemic\Engine.cpp(12,39): warning C4244: 'argumento': conversión de 'T' a 'unsigned int'; posible pérdida de datos
D:\AluCiclesGS2\motorPRVI\JocHeroiEnemic - simple\JocHeroiEnemic\Engine.cpp(12,39): warning C4244:         with
D:\AluCiclesGS2\motorPRVI\JocHeroiEnemic - simple\JocHeroiEnemic\Engine.cpp(12,39): warning C4244:         [
D:\AluCiclesGS2\motorPRVI\JocHeroiEnemic - simple\JocHeroiEnemic\Engine.cpp(12,39): warning C4244:             T=float
D:\AluCiclesGS2\motorPRVI\JocHeroiEnemic - simple\JocHeroiEnemic\Engine.cpp(12,39): warning C4244:         ]
  Hero.cpp
D:\AluCiclesGS2\motorPRVI\JocHeroiEnemic - simple\JocHeroiEnemic\Hero.cpp(22,70): warning C4244: 'argumento': conversión de 'T' a 'float'; posible pérdida de datos
D:\AluCiclesGS2\motorPRVI\JocHeroiEnemic - simple\JocHeroiEnemic\Hero.cpp(22,70): warning C4244:         with
D:\AluCiclesGS2\motorPRVI\JocHeroiEnemic - simple\JocHeroiEnemic\Hero.cpp(22,70): warning C4244:         [
D:\AluCiclesGS2\motorPRVI\JocHeroiEnemic - simple\JocHeroiEnemic\Hero.cpp(22,70): warning C4244:             T=unsigned int
D:\AluCiclesGS2\motorPRVI\JocHeroiEnemic - simple\JocHeroiEnemic\Hero.cpp(22,70): warning C4244:         ]
D:\AluCiclesGS2\motorPRVI\JocHeroiEnemic - simple\JocHeroiEnemic\Hero.cpp(22,43): warning C4244: 'argumento': conversión de 'T' a 'float'; posible pérdida de datos
D:\AluCiclesGS2\motorPRVI\JocHeroiEnemic - simple\JocHeroiEnemic\Hero.cpp(22,43): warning C4244:         with
D:\AluCiclesGS2\motorPRVI\JocHeroiEnemic - simple\JocHeroiEnemic\Hero.cpp(22,43): warning C4244:         [
D:\AluCiclesGS2\motorPRVI\JocHeroiEnemic - simple\JocHeroiEnemic\Hero.cpp(22,43): warning C4244:             T=unsigned int
D:\AluCiclesGS2\motorPRVI\JocHeroiEnemic - simple\JocHeroiEnemic\Hero.cpp(22,43): warning C4244:         ]
  JocHeroiEnemic.cpp
  TextureHolder.cpp
  Generando código...
Engine.obj : error LNK2019: símbolo externo "__declspec(dllimport) public: float __cdecl sf::Time::asSeconds(void)const " (__imp_?asSeconds@Time@sf@@QEBAMXZ) sin resolver al que se hace referencia en la función "public: int __cdecl Engine::run(void)" (?run@Engine@@QEAAHXZ)
Engine.obj : error LNK2019: símbolo externo "__declspec(dllimport) public: __cdecl sf::Clock::Clock(void)" (__imp_??0Clock@sf@@QEAA@XZ) sin resolver al que se hace referencia en la función "public: int __cdecl Engine::run(void)" (?run@Engine@@QEAAHXZ)
Engine.obj : error LNK2019: símbolo externo "__declspec(dllimport) public: class sf::Time __cdecl sf::Clock::restart(void)" (__imp_?restart@Clock@sf@@QEAA?AVTime@2@XZ) sin resolver al que se hace referencia en la función "public: int __cdecl Engine::run(void)" (?run@Engine@@QEAAHXZ)
Engine.obj : error LNK2019: símbolo externo "__declspec(dllimport) public: __cdecl sf::String::String(char const *,class std::locale const &)" (__imp_??0String@sf@@QEAA@PEBDAEBVlocale@std@@@Z) sin resolver al que se hace referencia en la función "public: __cdecl Engine::Engine(void)" (??0Engine@@QEAA@XZ)
Engine.obj : error LNK2019: símbolo externo "__declspec(dllimport) public: __cdecl sf::String::~String(void)" (__imp_??1String@sf@@QEAA@XZ) sin resolver al que se hace referencia en la función "public: __cdecl Engine::Engine(void)" (??0Engine@@QEAA@XZ)
Engine.obj : error LNK2019: símbolo externo "__declspec(dllimport) public: __cdecl sf::VideoMode::VideoMode(void)" (__imp_??0VideoMode@sf@@QEAA@XZ) sin resolver al que se hace referencia en la función "public: __cdecl Engine::Engine(void)" (??0Engine@@QEAA@XZ)
Engine.obj : error LNK2019: símbolo externo "__declspec(dllimport) public: __cdecl sf::VideoMode::VideoMode(unsigned int,unsigned int,unsigned int)" (__imp_??0VideoMode@sf@@QEAA@III@Z) sin resolver al que se hace referencia en la función "public: __cdecl Engine::Engine(void)" (??0Engine@@QEAA@XZ)
Engine.obj : error LNK2019: símbolo externo "__declspec(dllimport) public: void __cdecl sf::Window::create(class sf::VideoMode,class sf::String const &,unsigned int,struct sf::ContextSettings const &)" (__imp_?create@Window@sf@@QEAAXVVideoMode@2@AEBVString@2@IAEBUContextSettings@2@@Z) sin resolver al que se hace referencia en la función "public: __cdecl Engine::Engine(void)" (??0Engine@@QEAA@XZ)
Engine.obj : error LNK2019: símbolo externo "__declspec(dllimport) public: void __cdecl sf::Window::close(void)" (__imp_?close@Window@sf@@QEAAXXZ) sin resolver al que se hace referencia en la función "private: void __cdecl Engine::updateInput(void)" (?updateInput@Engine@@AEAAXXZ)
Engine.obj : error LNK2019: símbolo externo "__declspec(dllimport) public: bool __cdecl sf::Window::isOpen(void)const " (__imp_?isOpen@Window@sf@@QEBA_NXZ) sin resolver al que se hace referencia en la función "public: int __cdecl Engine::run(void)" (?run@Engine@@QEAAHXZ)
Engine.obj : error LNK2019: símbolo externo "__declspec(dllimport) public: bool __cdecl sf::Window::pollEvent(class sf::Event &)" (__imp_?pollEvent@Window@sf@@QEAA_NAEAVEvent@2@@Z) sin resolver al que se hace referencia en la función "private: void __cdecl Engine::updateInput(void)" (?updateInput@Engine@@AEAAXXZ)
Engine.obj : error LNK2019: símbolo externo "__declspec(dllimport) public: void __cdecl sf::Window::display(void)" (__imp_?display@Window@sf@@QEAAXXZ) sin resolver al que se hace referencia en la función "private: void __cdecl Engine::draw(void)" (?draw@Engine@@AEAAXXZ)
Engine.obj : error LNK2019: símbolo externo "__declspec(dllimport) public: void __cdecl sf::Transformable::setPosition(class sf::Vector2<float> const &)" (__imp_?setPosition@Transformable@sf@@QEAAXAEBV?$Vector2@M@2@@Z) sin resolver al que se hace referencia en la función "private: void __cdecl Engine::init(void)" (?init@Engine@@AEAAXXZ)
Hero.obj : error LNK2001: símbolo externo "__declspec(dllimport) public: void __cdecl sf::Transformable::setPosition(class sf::Vector2<float> const &)" (__imp_?setPosition@Transformable@sf@@QEAAXAEBV?$Vector2@M@2@@Z) sin resolver
Engine.obj : error LNK2019: símbolo externo "__declspec(dllimport) public: void __cdecl sf::Transformable::setOrigin(float,float)" (__imp_?setOrigin@Transformable@sf@@QEAAXMM@Z) sin resolver al que se hace referencia en la función "private: void __cdecl Engine::init(void)" (?init@Engine@@AEAAXXZ)
Hero.obj : error LNK2001: símbolo externo "__declspec(dllimport) public: void __cdecl sf::Transformable::setOrigin(float,float)" (__imp_?setOrigin@Transformable@sf@@QEAAXMM@Z) sin resolver
Engine.obj : error LNK2019: símbolo externo "__declspec(dllimport) public: __cdecl sf::Texture::Texture(void)" (__imp_??0Texture@sf@@QEAA@XZ) sin resolver al que se hace referencia en la función "public: __cdecl Engine::Engine(void)" (??0Engine@@QEAA@XZ)
Hero.obj : error LNK2001: símbolo externo "__declspec(dllimport) public: __cdecl sf::Texture::Texture(void)" (__imp_??0Texture@sf@@QEAA@XZ) sin resolver
TextureHolder.obj : error LNK2001: símbolo externo "__declspec(dllimport) public: __cdecl sf::Texture::Texture(void)" (__imp_??0Texture@sf@@QEAA@XZ) sin resolver
Engine.obj : error LNK2019: símbolo externo "__declspec(dllimport) public: __cdecl sf::Texture::~Texture(void)" (__imp_??1Texture@sf@@QEAA@XZ) sin resolver al que se hace referencia en la función "int `public: __cdecl Engine::Engine(void)'::`1'::dtor$1" (?dtor$1@?0???0Engine@@QEAA@XZ@4HA)
Hero.obj : error LNK2001: símbolo externo "__declspec(dllimport) public: __cdecl sf::Texture::~Texture(void)" (__imp_??1Texture@sf@@QEAA@XZ) sin resolver
TextureHolder.obj : error LNK2001: símbolo externo "__declspec(dllimport) public: __cdecl sf::Texture::~Texture(void)" (__imp_??1Texture@sf@@QEAA@XZ) sin resolver
Engine.obj : error LNK2019: símbolo externo "__declspec(dllimport) public: bool __cdecl sf::Texture::loadFromFile(class std::basic_string<char,struct std::char_traits<char>,class std::allocator<char> > const &,class sf::Rect<int> const &)" (__imp_?loadFromFile@Texture@sf@@QEAA_NAEBV?$basic_string@DU?$char_traits@D@std@@V?$allocator@D@2@@std@@AEBV?$Rect@H@2@@Z) sin resolver al que se hace referencia en la función "private: void __cdecl Engine::init(void)" (?init@Engine@@AEAAXXZ)
Hero.obj : error LNK2001: símbolo externo "__declspec(dllimport) public: bool __cdecl sf::Texture::loadFromFile(class std::basic_string<char,struct std::char_traits<char>,class std::allocator<char> > const &,class sf::Rect<int> const &)" (__imp_?loadFromFile@Texture@sf@@QEAA_NAEBV?$basic_string@DU?$char_traits@D@std@@V?$allocator@D@2@@std@@AEBV?$Rect@H@2@@Z) sin resolver
TextureHolder.obj : error LNK2001: símbolo externo "__declspec(dllimport) public: bool __cdecl sf::Texture::loadFromFile(class std::basic_string<char,struct std::char_traits<char>,class std::allocator<char> > const &,class sf::Rect<int> const &)" (__imp_?loadFromFile@Texture@sf@@QEAA_NAEBV?$basic_string@DU?$char_traits@D@std@@V?$allocator@D@2@@std@@AEBV?$Rect@H@2@@Z) sin resolver
Engine.obj : error LNK2019: símbolo externo "__declspec(dllimport) public: __cdecl sf::Font::Font(void)" (__imp_??0Font@sf@@QEAA@XZ) sin resolver al que se hace referencia en la función "public: __cdecl Engine::Engine(void)" (??0Engine@@QEAA@XZ)
Engine.obj : error LNK2019: símbolo externo "__declspec(dllimport) public: __cdecl sf::Font::~Font(void)" (__imp_??1Font@sf@@QEAA@XZ) sin resolver al que se hace referencia en la función "int `public: __cdecl Engine::Engine(void)'::`1'::dtor$6" (?dtor$6@?0???0Engine@@QEAA@XZ@4HA)
Engine.obj : error LNK2019: símbolo externo "__declspec(dllimport) public: bool __cdecl sf::Font::loadFromFile(class std::basic_string<char,struct std::char_traits<char>,class std::allocator<char> > const &)" (__imp_?loadFromFile@Font@sf@@QEAA_NAEBV?$basic_string@DU?$char_traits@D@std@@V?$allocator@D@2@@std@@@Z) sin resolver al que se hace referencia en la función "private: void __cdecl Engine::init(void)" (?init@Engine@@AEAAXXZ)
Engine.obj : error LNK2019: símbolo externo "__declspec(dllimport) public: void __cdecl sf::RenderTarget::clear(class sf::Color const &)" (__imp_?clear@RenderTarget@sf@@QEAAXAEBVColor@2@@Z) sin resolver al que se hace referencia en la función "private: void __cdecl Engine::draw(void)" (?draw@Engine@@AEAAXXZ)
Engine.obj : error LNK2019: símbolo externo "__declspec(dllimport) public: void __cdecl sf::RenderTarget::draw(class sf::Drawable const &,class sf::RenderStates const &)" (__imp_?draw@RenderTarget@sf@@QEAAXAEBVDrawable@2@AEBVRenderStates@2@@Z) sin resolver al que se hace referencia en la función "private: void __cdecl Engine::draw(void)" (?draw@Engine@@AEAAXXZ)
Engine.obj : error LNK2019: símbolo externo "__declspec(dllimport) public: __cdecl sf::RenderWindow::RenderWindow(void)" (__imp_??0RenderWindow@sf@@QEAA@XZ) sin resolver al que se hace referencia en la función "public: __cdecl Engine::Engine(void)" (??0Engine@@QEAA@XZ)
Engine.obj : error LNK2019: símbolo externo "__declspec(dllimport) public: virtual __cdecl sf::RenderWindow::~RenderWindow(void)" (__imp_??1RenderWindow@sf@@UEAA@XZ) sin resolver al que se hace referencia en la función "int `public: __cdecl Engine::Engine(void)'::`1'::dtor$0" (?dtor$0@?0???0Engine@@QEAA@XZ@4HA)
Engine.obj : error LNK2019: símbolo externo "__declspec(dllimport) public: __cdecl sf::Sprite::Sprite(void)" (__imp_??0Sprite@sf@@QEAA@XZ) sin resolver al que se hace referencia en la función "public: __cdecl Engine::Engine(void)" (??0Engine@@QEAA@XZ)
Hero.obj : error LNK2001: símbolo externo "__declspec(dllimport) public: __cdecl sf::Sprite::Sprite(void)" (__imp_??0Sprite@sf@@QEAA@XZ) sin resolver
Engine.obj : error LNK2019: símbolo externo "__declspec(dllimport) public: void __cdecl sf::Sprite::setTexture(class sf::Texture const &,bool)" (__imp_?setTexture@Sprite@sf@@QEAAXAEBVTexture@2@_N@Z) sin resolver al que se hace referencia en la función "private: void __cdecl Engine::init(void)" (?init@Engine@@AEAAXXZ)
Hero.obj : error LNK2001: símbolo externo "__declspec(dllimport) public: void __cdecl sf::Sprite::setTexture(class sf::Texture const &,bool)" (__imp_?setTexture@Sprite@sf@@QEAAXAEBVTexture@2@_N@Z) sin resolver
Engine.obj : error LNK2019: símbolo externo "__declspec(dllimport) public: class sf::Rect<float> __cdecl sf::Sprite::getGlobalBounds(void)const " (__imp_?getGlobalBounds@Sprite@sf@@QEBA?AV?$Rect@M@2@XZ) sin resolver al que se hace referencia en la función "private: bool __cdecl Engine::checkCollision(class sf::Sprite,class sf::Sprite)" (?checkCollision@Engine@@AEAA_NVSprite@sf@@0@Z)
Engine.obj : error LNK2019: símbolo externo "__declspec(dllimport) public: virtual __cdecl sf::Sprite::~Sprite(void)" (__imp_??1Sprite@sf@@UEAA@XZ) sin resolver al que se hace referencia en la función "int `public: __cdecl Engine::Engine(void)'::`1'::dtor$2" (?dtor$2@?0???0Engine@@QEAA@XZ@4HA)
Hero.obj : error LNK2001: símbolo externo "__declspec(dllimport) public: virtual __cdecl sf::Sprite::~Sprite(void)" (__imp_??1Sprite@sf@@UEAA@XZ) sin resolver
Engine.obj : error LNK2019: símbolo externo "__declspec(dllimport) public: __cdecl sf::Text::Text(void)" (__imp_??0Text@sf@@QEAA@XZ) sin resolver al que se hace referencia en la función "public: __cdecl Engine::Engine(void)" (??0Engine@@QEAA@XZ)
Engine.obj : error LNK2019: símbolo externo "__declspec(dllimport) public: void __cdecl sf::Text::setString(class sf::String const &)" (__imp_?setString@Text@sf@@QEAAXAEBVString@2@@Z) sin resolver al que se hace referencia en la función "private: void __cdecl Engine::init(void)" (?init@Engine@@AEAAXXZ)
Engine.obj : error LNK2019: símbolo externo "__declspec(dllimport) public: void __cdecl sf::Text::setFont(class sf::Font const &)" (__imp_?setFont@Text@sf@@QEAAXAEBVFont@2@@Z) sin resolver al que se hace referencia en la función "private: void __cdecl Engine::init(void)" (?init@Engine@@AEAAXXZ)
Engine.obj : error LNK2019: símbolo externo "__declspec(dllimport) public: void __cdecl sf::Text::setCharacterSize(unsigned int)" (__imp_?setCharacterSize@Text@sf@@QEAAXI@Z) sin resolver al que se hace referencia en la función "private: void __cdecl Engine::init(void)" (?init@Engine@@AEAAXXZ)
Engine.obj : error LNK2019: símbolo externo "__declspec(dllimport) public: void __cdecl sf::Text::setFillColor(class sf::Color const &)" (__imp_?setFillColor@Text@sf@@QEAAXAEBVColor@2@@Z) sin resolver al que se hace referencia en la función "private: void __cdecl Engine::init(void)" (?init@Engine@@AEAAXXZ)
Engine.obj : error LNK2019: símbolo externo "__declspec(dllimport) public: class sf::Rect<float> __cdecl sf::Text::getLocalBounds(void)const " (__imp_?getLocalBounds@Text@sf@@QEBA?AV?$Rect@M@2@XZ) sin resolver al que se hace referencia en la función "private: void __cdecl Engine::init(void)" (?init@Engine@@AEAAXXZ)
Engine.obj : error LNK2019: símbolo externo "__declspec(dllimport) public: virtual __cdecl sf::Text::~Text(void)" (__imp_??1Text@sf@@UEAA@XZ) sin resolver al que se hace referencia en la función "int `public: __cdecl Engine::Engine(void)'::`1'::dtor$8" (?dtor$8@?0???0Engine@@QEAA@XZ@4HA)
Engine.obj : error LNK2019: símbolo externo "__declspec(dllimport) public: __cdecl sf::Music::Music(void)" (__imp_??0Music@sf@@QEAA@XZ) sin resolver al que se hace referencia en la función "public: __cdecl Engine::Engine(void)" (??0Engine@@QEAA@XZ)
Engine.obj : error LNK2019: símbolo externo "__declspec(dllimport) public: virtual __cdecl sf::Music::~Music(void)" (__imp_??1Music@sf@@UEAA@XZ) sin resolver al que se hace referencia en la función "int `public: __cdecl Engine::Engine(void)'::`1'::dtor$11" (?dtor$11@?0???0Engine@@QEAA@XZ@4HA)
Engine.obj : error LNK2019: símbolo externo "__declspec(dllimport) public: bool __cdecl sf::Music::openFromFile(class std::basic_string<char,struct std::char_traits<char>,class std::allocator<char> > const &)" (__imp_?openFromFile@Music@sf@@QEAA_NAEBV?$basic_string@DU?$char_traits@D@std@@V?$allocator@D@2@@std@@@Z) sin resolver al que se hace referencia en la función "private: void __cdecl Engine::init(void)" (?init@Engine@@AEAAXXZ)
Engine.obj : error LNK2019: símbolo externo "__declspec(dllimport) public: __cdecl sf::Sound::Sound(void)" (__imp_??0Sound@sf@@QEAA@XZ) sin resolver al que se hace referencia en la función "public: __cdecl Engine::Engine(void)" (??0Engine@@QEAA@XZ)
Engine.obj : error LNK2019: símbolo externo "__declspec(dllimport) public: virtual __cdecl sf::Sound::~Sound(void)" (__imp_??1Sound@sf@@UEAA@XZ) sin resolver al que se hace referencia en la función "int `public: __cdecl Engine::Engine(void)'::`1'::dtor$14" (?dtor$14@?0???0Engine@@QEAA@XZ@4HA)
Engine.obj : error LNK2019: símbolo externo "__declspec(dllimport) public: __cdecl sf::SoundBuffer::SoundBuffer(void)" (__imp_??0SoundBuffer@sf@@QEAA@XZ) sin resolver al que se hace referencia en la función "public: __cdecl Engine::Engine(void)" (??0Engine@@QEAA@XZ)
Engine.obj : error LNK2019: símbolo externo "__declspec(dllimport) public: __cdecl sf::SoundBuffer::~SoundBuffer(void)" (__imp_??1SoundBuffer@sf@@QEAA@XZ) sin resolver al que se hace referencia en la función "int `public: __cdecl Engine::Engine(void)'::`1'::dtor$12" (?dtor$12@?0???0Engine@@QEAA@XZ@4HA)
Engine.obj : error LNK2019: símbolo externo "__declspec(dllimport) public: bool __cdecl sf::SoundBuffer::loadFromFile(class std::basic_string<char,struct std::char_traits<char>,class std::allocator<char> > const &)" (__imp_?loadFromFile@SoundBuffer@sf@@QEAA_NAEBV?$basic_string@DU?$char_traits@D@std@@V?$allocator@D@2@@std@@@Z) sin resolver al que se hace referencia en la función "private: void __cdecl Engine::init(void)" (?init@Engine@@AEAAXXZ)
Engine.obj : error LNK2019: símbolo externo "__declspec(dllimport) public: static class sf::RenderStates const sf::RenderStates::Default" (__imp_?Default@RenderStates@sf@@2V12@B) sin resolver al que se hace referencia en la función "private: void __cdecl Engine::draw(void)" (?draw@Engine@@AEAAXXZ)
Engine.obj : error LNK2019: símbolo externo "__declspec(dllimport) public: static class sf::Color const sf::Color::Red" (__imp_?Red@Color@sf@@2V12@B) sin resolver al que se hace referencia en la función "private: void __cdecl Engine::draw(void)" (?draw@Engine@@AEAAXXZ)
Hero.obj : error LNK2019: símbolo externo "__declspec(dllimport) public: class sf::Vector2<unsigned int> __cdecl sf::Texture::getSize(void)const " (__imp_?getSize@Texture@sf@@QEBA?AV?$Vector2@I@2@XZ) sin resolver al que se hace referencia en la función "public: void __cdecl Hero::init(class std::basic_string<char,struct std::char_traits<char>,class std::allocator<char> >,class sf::Vector2<float>,float)" (?init@Hero@@QEAAXV?$basic_string@DU?$char_traits@D@std@@V?$allocator@D@2@@std@@V?$Vector2@M@sf@@M@Z)
Hero.obj : error LNK2019: símbolo externo "__declspec(dllimport) public: __cdecl sf::Sprite::Sprite(class sf::Sprite const &)" (__imp_??0Sprite@sf@@QEAA@AEBV01@@Z) sin resolver al que se hace referencia en la función "public: class sf::Sprite __cdecl Hero::getSprite(void)" (?getSprite@Hero@@QEAA?AVSprite@sf@@XZ)
C:\SFML\lib\sfml-graphics-d.lib : warning LNK4272: el tipo de máquina de biblioteca 'x86' está en conflicto con el tipo de máquina de destino 'x64'
C:\SFML\lib\sfml-window-d.lib : warning LNK4272: el tipo de máquina de biblioteca 'x86' está en conflicto con el tipo de máquina de destino 'x64'
C:\SFML\lib\sfml-system-d.lib : warning LNK4272: el tipo de máquina de biblioteca 'x86' está en conflicto con el tipo de máquina de destino 'x64'
C:\SFML\lib\sfml-network-d.lib : warning LNK4272: el tipo de máquina de biblioteca 'x86' está en conflicto con el tipo de máquina de destino 'x64'
C:\SFML\lib\sfml-audio-d.lib : warning LNK4272: el tipo de máquina de biblioteca 'x86' está en conflicto con el tipo de máquina de destino 'x64'
D:\AluCiclesGS2\motorPRVI\JocHeroiEnemic - simple\x64\Debug\JocHeroiEnemic.exe : fatal error LNK1120: 47 externos sin resolver
